{
    "FunctionName": "hello-cli",
    "FunctionArn": "arn:aws:lambda:us-east-1:583704929827:function:hello-cli",
    "Runtime": "nodejs14.x",
    "Role": "arn:aws:iam::583704929827:role/lambda-exemplo",
    "Handler": "index.handler",
    "CodeSize": 319,
    "Description": "",
    "Timeout": 3,
    "MemorySize": 128,
    "LastModified": "2021-09-21T13:38:38.935+0000",
    "CodeSha256": "F9gK3ZAqveAZ/CZEMl3MpyigE7VPzis+ah6ZjBV0B40=",
    "Version": "$LATEST",
    "TracingConfig": {
        "Mode": "PassThrough"
    },
    "RevisionId": "47d09f48-9c00-4ca7-bb1e-ea194c7b03d1",
    "State": "Active",
    "LastUpdateStatus": "Successful",
    "PackageType": "Zip"
}
