{
    "Role": {
        "Path": "/",
        "RoleName": "lambda-exemplo",
        "RoleId": "AROAYPZ4GMYRTTBEBDTKI",
        "Arn": "arn:aws:iam::583704929827:role/lambda-exemplo", 
        "CreateDate": "2021-09-21T12:57:17+00:00",
        "AssumeRolePolicyDocument": {
            "Version": "2012-10-17",
            "Statement": [
                {
                    "Effect": "Allow",
                    "Principal": {
                        "Service": "lambda.amazonaws.com"       
                    },
                    "Action": "sts:AssumeRole"
                }
            ]
        }
    }
}